# JRE version: OpenJDK Runtime Environment Temurin-17.0.8.1+1 (17.0.8.1+1) (build 17.0.8.1+1)
# Java VM: OpenJDK 64-Bit Server VM Temurin-17.0.8.1+1 (17.0.8.1+1, mixed mode, emulated-client, tiered, compressed oops, compressed class ptrs, g1 gc, windows-amd64)
GC Precious Log:
 CPUs: 12 total, 12 available
 Memory: 7967M
 Large Page Support: Disabled
 NUMA Support: Disabled
 Compressed Oops: Enabled (32-bit)
 Heap Region Size: 1M
 Heap Min Capacity: 8M
 Heap Initial Capacity: 126M
 Heap Max Capacity: 1992M
 Pre-touch: Disabled
 Parallel Workers: 10
 Concurrent Workers: 3
 Concurrent Refinement Workers: 10
 Periodic GC: Disabled
Heap:
 garbage-first heap   total 82944K, used 49664K [0x0000000083800000, 0x0000000100000000)
  region size 1024K, 3 young (3072K), 3 survivors (3072K)
 Metaspace       used 73038K, committed 73536K, reserved 1114112K
  class space    used 9906K, committed 10112K, reserved 1048576K
GC Heap History (20 events):
Event: 4.898 GC heap after
{Heap after GC invocations=13 (full 0):
 garbage-first heap   total 61440K, used 20334K [0x0000000083800000, 0x0000000100000000)
  region size 1024K, 1 young (1024K), 1 survivors (1024K)
 Metaspace       used 40297K, committed 40768K, reserved 1114112K
  class space    used 5198K, committed 5440K, reserved 1048576K
}
Event: 5.458 GC heap before
{Heap before GC invocations=13 (full 0):
 garbage-first heap   total 61440K, used 44910K [0x0000000083800000, 0x0000000100000000)
  region size 1024K, 26 young (26624K), 1 survivors (1024K)
 Metaspace       used 46887K, committed 47360K, reserved 1114112K
  class space    used 6119K, committed 6336K, reserved 1048576K
}
Event: 5.461 GC heap after
{Heap after GC invocations=14 (full 0):
 garbage-first heap   total 61440K, used 21263K [0x0000000083800000, 0x0000000100000000)
  region size 1024K, 2 young (2048K), 2 survivors (2048K)
 Metaspace       used 46887K, committed 47360K, reserved 1114112K
  class space    used 6119K, committed 6336K, reserved 1048576K
}
Event: 6.224 GC heap before
{Heap before GC invocations=14 (full 0):
 garbage-first heap   total 61440K, used 46863K [0x0000000083800000, 0x0000000100000000)
  region size 1024K, 27 young (27648K), 2 survivors (2048K)
 Metaspace       used 55239K, committed 55744K, reserved 1114112K
  class space    used 7230K, committed 7488K, reserved 1048576K
}
Event: 6.227 GC heap after
{Heap after GC invocations=15 (full 0):
 garbage-first heap   total 61440K, used 23600K [0x0000000083800000, 0x0000000100000000)
  region size 1024K, 4 young (4096K), 4 survivors (4096K)
 Metaspace       used 55239K, committed 55744K, reserved 1114112K
  class space    used 7230K, committed 7488K, reserved 1048576K
}
Event: 6.635 GC heap before
{Heap before GC invocations=15 (full 0):
 garbage-first heap   total 61440K, used 38960K [0x0000000083800000, 0x0000000100000000)
  region size 1024K, 20 young (20480K), 4 survivors (4096K)
 Metaspace       used 59858K, committed 60288K, reserved 1114112K
  class space    used 7893K, committed 8128K, reserved 1048576K
}
Event: 6.641 GC heap after
{Heap after GC invocations=16 (full 0):
 garbage-first heap   total 61440K, used 24713K [0x0000000083800000, 0x0000000100000000)
  region size 1024K, 2 young (2048K), 2 survivors (2048K)
 Metaspace       used 59858K, committed 60288K, reserved 1114112K
  class space    used 7893K, committed 8128K, reserved 1048576K
}
Event: 7.327 GC heap before
{Heap before GC invocations=17 (full 0):
 garbage-first heap   total 61440K, used 48265K [0x0000000083800000, 0x0000000100000000)
  region size 1024K, 25 young (25600K), 2 survivors (2048K)
 Metaspace       used 64670K, committed 65152K, reserved 1114112K
  class space    used 8779K, committed 9024K, reserved 1048576K
}
Event: 7.330 GC heap after
{Heap after GC invocations=18 (full 0):
 garbage-first heap   total 61440K, used 25369K [0x0000000083800000, 0x0000000100000000)
  region size 1024K, 2 young (2048K), 2 survivors (2048K)
 Metaspace       used 64670K, committed 65152K, reserved 1114112K
  class space    used 8779K, committed 9024K, reserved 1048576K
}
Event: 7.864 GC heap before
{Heap before GC invocations=18 (full 0):
 garbage-first heap   total 61440K, used 48921K [0x0000000083800000, 0x0000000100000000)
  region size 1024K, 25 young (25600K), 2 survivors (2048K)
 Metaspace       used 68425K, committed 68992K, reserved 1114112K
  class space    used 9273K, committed 9536K, reserved 1048576K
}
Event: 7.870 GC heap after
{Heap after GC invocations=19 (full 0):
 garbage-first heap   total 61440K, used 26939K [0x0000000083800000, 0x0000000100000000)
  region size 1024K, 4 young (4096K), 4 survivors (4096K)
 Metaspace       used 68425K, committed 68992K, reserved 1114112K
  class space    used 9273K, committed 9536K, reserved 1048576K
}
Event: 8.097 GC heap before
{Heap before GC invocations=19 (full 0):
 garbage-first heap   total 61440K, used 49467K [0x0000000083800000, 0x0000000100000000)
  region size 1024K, 26 young (26624K), 4 survivors (4096K)
 Metaspace       used 69572K, committed 70080K, reserved 1114112K
  class space    used 9432K, committed 9664K, reserved 1048576K
}
Event: 8.104 GC heap after
{Heap after GC invocations=20 (full 0):
 garbage-first heap   total 82944K, used 28123K [0x0000000083800000, 0x0000000100000000)
  region size 1024K, 3 young (3072K), 3 survivors (3072K)
 Metaspace       used 69572K, committed 70080K, reserved 1114112K
  class space    used 9432K, committed 9664K, reserved 1048576K
}
Event: 8.600 GC heap before
{Heap before GC invocations=20 (full 0):
 garbage-first heap   total 82944K, used 67035K [0x0000000083800000, 0x0000000100000000)
  region size 1024K, 40 young (40960K), 3 survivors (3072K)
 Metaspace       used 72944K, committed 73472K, reserved 1114112K
  class space    used 9893K, committed 10112K, reserved 1048576K
}
Event: 8.608 GC heap after
{Heap after GC invocations=21 (full 0):
 garbage-first heap   total 82944K, used 34061K [0x0000000083800000, 0x0000000100000000)
  region size 1024K, 5 young (5120K), 5 survivors (5120K)
 Metaspace       used 72944K, committed 73472K, reserved 1114112K
  class space    used 9893K, committed 10112K, reserved 1048576K
}
Event: 8.688 GC heap before
{Heap before GC invocations=21 (full 0):
 garbage-first heap   total 82944K, used 63757K [0x0000000083800000, 0x0000000100000000)
  region size 1024K, 34 young (34816K), 5 survivors (5120K)
 Metaspace       used 73038K, committed 73536K, reserved 1114112K
  class space    used 9906K, committed 10112K, reserved 1048576K
}
Event: 8.697 GC heap after
{Heap after GC invocations=22 (full 0):
 garbage-first heap   total 82944K, used 41783K [0x0000000083800000, 0x0000000100000000)
  region size 1024K, 5 young (5120K), 5 survivors (5120K)
 Metaspace       used 73038K, committed 73536K, reserved 1114112K
  class space    used 9906K, committed 10112K, reserved 1048576K
}
Event: 8.721 GC heap before
{Heap before GC invocations=22 (full 0):
 garbage-first heap   total 82944K, used 61239K [0x0000000083800000, 0x0000000100000000)
  region size 1024K, 25 young (25600K), 5 survivors (5120K)
 Metaspace       used 73038K, committed 73536K, reserved 1114112K
  class space    used 9906K, committed 10112K, reserved 1048576K
}
Event: 8.729 GC heap after
{Heap after GC invocations=23 (full 0):
 garbage-first heap   total 82944K, used 45178K [0x0000000083800000, 0x0000000100000000)
  region size 1024K, 4 young (4096K), 4 survivors (4096K)
 Metaspace       used 73038K, committed 73536K, reserved 1114112K
  class space    used 9906K, committed 10112K, reserved 1048576K
}
Event: 8.766 GC heap before
{Heap before GC invocations=23 (full 0):
 garbage-first heap   total 82944K, used 56442K [0x0000000083800000, 0x0000000100000000)
  region size 1024K, 16 young (16384K), 4 survivors (4096K)
 Metaspace       used 73038K, committed 73536K, reserved 1114112K
  class space    used 9906K, committed 10112K, reserved 1048576K
}

